<?xml version="1.0" encoding="UTF-8"?>
<!-- Generated by org.testng.reporters.JUnitReportReporter -->
<testsuite skipped="0" hostname="IT-PC" name="com.qa.test.HomePageTest" tests="1" failures="0" timestamp="05 Jun 2018 10:40:15 GMT" time="0.022" errors="0">
  <testcase name="test1" time="0.022" classname="com.qa.test.HomePageTest"/>
</testsuite> <!-- com.qa.test.HomePageTest -->
